#
# There is insufficient memory for the Java Runtime Environment to continue.
# Native memory allocation (malloc) failed to allocate 138880 bytes for Chunk::new
# Possible reasons:
#   The system is out of physical RAM or swap space
#   The process is running with CompressedOops enabled, and the Java Heap may be blocking the growth of the native heap
# Possible solutions:
#   Reduce memory load on the system
#   Increase physical memory or swap space
#   Check if swap backing store is full
#   Decrease Java heap size (-Xmx/-Xms)
#   Decrease number of Java threads
#   Decrease Java thread stack sizes (-Xss)
#   Set larger code cache with -XX:ReservedCodeCacheSize=
#   JVM is running with Zero Based Compressed Oops mode in which the Java heap is
#     placed in the first 32GB address space. The Java Heap base address is the
#     maximum limit for the native heap growth. Please use -XX:HeapBaseMinAddress
#     to set the Java Heap base and to place the Java Heap above 32GB virtual address.
# This output file may be truncated or incomplete.
#
#  Out of Memory Error (arena.cpp:189), pid=29636, tid=16136
#
# JRE version: Java(TM) SE Runtime Environment (17.0.12+8) (build 17.0.12+8-LTS-286)
# Java VM: Java HotSpot(TM) 64-Bit Server VM (17.0.12+8-LTS-286, mixed mode, sharing, tiered, compressed oops, compressed class ptrs, g1 gc, windows-amd64)
# No core dump will be written. Minidumps are not enabled by default on client versions of Windows
#

---------------  S U M M A R Y ------------

Command Line: -javaagent:C:\Program Files\JetBrains\IntelliJ IDEA Community Edition 2024.3.3\lib\idea_rt.jar=62861 -Dfile.encoding=UTF-8 com.microservice.patient.PatientApplication

Host: Intel(R) Core(TM) i7-10870H CPU @ 2.20GHz, 16 cores, 13G,  Windows 11 , 64 bit Build 26100 (10.0.26100.7623)
Time: Wed Jan 28 13:15:46 2026 Egypt Standard Time elapsed time: 4.895757 seconds (0d 0h 0m 4s)

---------------  T H R E A D  ---------------

Current thread (0x0000026dbb1ba1d0):  JavaThread "C2 CompilerThread0" daemon [_thread_in_native, id=16136, stack(0x000000c763f00000,0x000000c764000000)]


Current CompileTask:
C2:   4896 1125  s!   4       jdk.internal.loader.URLClassPath::getLoader (194 bytes)

Stack: [0x000000c763f00000,0x000000c764000000]
Native frames: (J=compiled Java code, j=interpreted, Vv=VM code, C=native code)
V  [jvm.dll+0x67a04a]
V  [jvm.dll+0x7da4ed]
V  [jvm.dll+0x7dbe33]
V  [jvm.dll+0x7dc4a3]
V  [jvm.dll+0x24508f]
V  [jvm.dll+0xab773]
V  [jvm.dll+0xabd3c]
V  [jvm.dll+0x361bee]
V  [jvm.dll+0x32c431]
V  [jvm.dll+0x32b8ca]
V  [jvm.dll+0x21683f]
V  [jvm.dll+0x215c6f]
V  [jvm.dll+0x1a2960]
V  [jvm.dll+0x22610b]
V  [jvm.dll+0x2242ab]
V  [jvm.dll+0x79075c]
V  [jvm.dll+0x78abea]
V  [jvm.dll+0x678f35]
C  [ucrtbase.dll+0x37b0]
C  [KERNEL32.DLL+0x2e8d7]
C  [ntdll.dll+0x8c53c]


---------------  P R O C E S S  ---------------

Threads class SMR info:
_java_thread_list=0x0000026dfd38f280, length=16, elements={
0x0000026d98fdf7e0, 0x0000026dbb18e5f0, 0x0000026dbb191c40, 0x0000026dbb1ad850,
0x0000026dbb1ae120, 0x0000026dbb1af560, 0x0000026dbb1b09a0, 0x0000026dbb1ba1d0,
0x0000026dbb1bd910, 0x0000026dbb1be220, 0x0000026dbb178cd0, 0x0000026dbb3e21d0,
0x0000026dbb480080, 0x0000026dbb947650, 0x0000026dfd27bd90, 0x0000026dbbc9c440
}

Java Threads: ( => current thread )
  0x0000026d98fdf7e0 JavaThread "main" [_thread_blocked, id=14408, stack(0x000000c763200000,0x000000c763300000)]
  0x0000026dbb18e5f0 JavaThread "Reference Handler" daemon [_thread_blocked, id=23832, stack(0x000000c763900000,0x000000c763a00000)]
  0x0000026dbb191c40 JavaThread "Finalizer" daemon [_thread_blocked, id=24988, stack(0x000000c763a00000,0x000000c763b00000)]
  0x0000026dbb1ad850 JavaThread "Signal Dispatcher" daemon [_thread_blocked, id=25892, stack(0x000000c763b00000,0x000000c763c00000)]
  0x0000026dbb1ae120 JavaThread "Attach Listener" daemon [_thread_blocked, id=29260, stack(0x000000c763c00000,0x000000c763d00000)]
  0x0000026dbb1af560 JavaThread "Service Thread" daemon [_thread_blocked, id=18464, stack(0x000000c763d00000,0x000000c763e00000)]
  0x0000026dbb1b09a0 JavaThread "Monitor Deflation Thread" daemon [_thread_blocked, id=7824, stack(0x000000c763e00000,0x000000c763f00000)]
=>0x0000026dbb1ba1d0 JavaThread "C2 CompilerThread0" daemon [_thread_in_native, id=16136, stack(0x000000c763f00000,0x000000c764000000)]
  0x0000026dbb1bd910 JavaThread "C1 CompilerThread0" daemon [_thread_blocked, id=16560, stack(0x000000c764000000,0x000000c764100000)]
  0x0000026dbb1be220 JavaThread "Sweeper thread" daemon [_thread_blocked, id=28604, stack(0x000000c764100000,0x000000c764200000)]
  0x0000026dbb178cd0 JavaThread "Common-Cleaner" daemon [_thread_blocked, id=25084, stack(0x000000c764200000,0x000000c764300000)]
  0x0000026dbb3e21d0 JavaThread "C1 CompilerThread1" daemon [_thread_blocked, id=22336, stack(0x000000c764300000,0x000000c764400000)]
  0x0000026dbb480080 JavaThread "Monitor Ctrl-Break" daemon [_thread_in_native, id=30492, stack(0x000000c764700000,0x000000c764800000)]
  0x0000026dbb947650 JavaThread "Notification Thread" daemon [_thread_blocked, id=7212, stack(0x000000c764800000,0x000000c764900000)]
  0x0000026dfd27bd90 JavaThread "Thread-0" [_thread_blocked, id=3480, stack(0x000000c764f00000,0x000000c765000000)]
  0x0000026dbbc9c440 JavaThread "restartedMain" [_thread_in_vm, id=22720, stack(0x000000c765000000,0x000000c765100000)]

Other Threads:
  0x0000026dbb1890c0 VMThread "VM Thread" [stack: 0x000000c763800000,0x000000c763900000] [id=12396]
  0x0000026dbb63d2b0 WatcherThread [stack: 0x000000c764900000,0x000000c764a00000] [id=14720]
  0x0000026d9903f200 GCTaskThread "GC Thread#0" [stack: 0x000000c763300000,0x000000c763400000] [id=19328]
  0x0000026dfd282440 GCTaskThread "GC Thread#1" [stack: 0x000000c764b00000,0x000000c764c00000] [id=22168]
  0x0000026dfd282700 GCTaskThread "GC Thread#2" [stack: 0x000000c764c00000,0x000000c764d00000] [id=15500]
  0x0000026dfd2829c0 GCTaskThread "GC Thread#3" [stack: 0x000000c764d00000,0x000000c764e00000] [id=23700]
  0x0000026dfd282c80 GCTaskThread "GC Thread#4" [stack: 0x000000c764e00000,0x000000c764f00000] [id=21444]
  0x0000026d9904eb50 ConcurrentGCThread "G1 Main Marker" [stack: 0x000000c763400000,0x000000c763500000] [id=27584]
  0x0000026d99050f80 ConcurrentGCThread "G1 Conc#0" [stack: 0x000000c763500000,0x000000c763600000] [id=18628]
  0x0000026dbb0465b0 ConcurrentGCThread "G1 Refine#0" [stack: 0x000000c763600000,0x000000c763700000] [id=11432]
  0x0000026dbb047da0 ConcurrentGCThread "G1 Service" [stack: 0x000000c763700000,0x000000c763800000] [id=28952]

Threads with active compile tasks:
C2 CompilerThread0     4915 1125  s!   4       jdk.internal.loader.URLClassPath::getLoader (194 bytes)

VM state: not at safepoint (normal execution)

VM Mutex/Monitor currently owned by a thread: None

Heap address: 0x0000000727600000, size: 3466 MB, Compressed Oops mode: Zero based, Oop shift amount: 3

CDS archive(s) mapped at: [0x0000026dbc000000-0x0000026dbcbd0000-0x0000026dbcbd0000), size 12386304, SharedBaseAddress: 0x0000026dbc000000, ArchiveRelocationMode: 1.
Compressed class space mapped at: 0x0000026dbd000000-0x0000026dfd000000, reserved size: 1073741824
Narrow klass base: 0x0000026dbc000000, Narrow klass shift: 0, Narrow klass range: 0x100000000

GC Precious Log:
 CPUs: 16 total, 16 available
 Memory: 13861M
 Large Page Support: Disabled
 NUMA Support: Disabled
 Compressed Oops: Enabled (Zero based)
 Heap Region Size: 2M
 Heap Min Capacity: 8M
 Heap Initial Capacity: 218M
 Heap Max Capacity: 3466M
 Pre-touch: Disabled
 Parallel Workers: 13
 Concurrent Workers: 3
 Concurrent Refinement Workers: 13
 Periodic GC: Disabled

Heap:
 garbage-first heap   total 223232K, used 12988K [0x0000000727600000, 0x0000000800000000)
  region size 2048K, 6 young (12288K), 2 survivors (4096K)
 Metaspace       used 5266K, committed 5504K, reserved 1114112K
  class space    used 592K, committed 704K, reserved 1048576K

Heap Regions: E=young(eden), S=young(survivor), O=old, HS=humongous(starts), HC=humongous(continues), CS=collection set, F=free, OA=open archive, CA=closed archive, TAMS=top-at-mark-start (previous, next)
|   0|0x0000000727600000, 0x0000000727800000, 0x0000000727800000|100%| O|  |TAMS 0x0000000727600000, 0x0000000727600000| Untracked 
|   1|0x0000000727800000, 0x00000007278af200, 0x0000000727a00000| 34%| O|  |TAMS 0x0000000727800000, 0x0000000727800000| Untracked 
|   2|0x0000000727a00000, 0x0000000727a00000, 0x0000000727c00000|  0%| F|  |TAMS 0x0000000727a00000, 0x0000000727a00000| Untracked 
|   3|0x0000000727c00000, 0x0000000727c00000, 0x0000000727e00000|  0%| F|  |TAMS 0x0000000727c00000, 0x0000000727c00000| Untracked 
|   4|0x0000000727e00000, 0x0000000727e00000, 0x0000000728000000|  0%| F|  |TAMS 0x0000000727e00000, 0x0000000727e00000| Untracked 
|   5|0x0000000728000000, 0x0000000728000000, 0x0000000728200000|  0%| F|  |TAMS 0x0000000728000000, 0x0000000728000000| Untracked 
|   6|0x0000000728200000, 0x0000000728200000, 0x0000000728400000|  0%| F|  |TAMS 0x0000000728200000, 0x0000000728200000| Untracked 
|   7|0x0000000728400000, 0x0000000728400000, 0x0000000728600000|  0%| F|  |TAMS 0x0000000728400000, 0x0000000728400000| Untracked 
|   8|0x0000000728600000, 0x0000000728600000, 0x0000000728800000|  0%| F|  |TAMS 0x0000000728600000, 0x0000000728600000| Untracked 
|   9|0x0000000728800000, 0x0000000728800000, 0x0000000728a00000|  0%| F|  |TAMS 0x0000000728800000, 0x0000000728800000| Untracked 
|  10|0x0000000728a00000, 0x0000000728a00000, 0x0000000728c00000|  0%| F|  |TAMS 0x0000000728a00000, 0x0000000728a00000| Untracked 
|  11|0x0000000728c00000, 0x0000000728c00000, 0x0000000728e00000|  0%| F|  |TAMS 0x0000000728c00000, 0x0000000728c00000| Untracked 
|  12|0x0000000728e00000, 0x0000000728e00000, 0x0000000729000000|  0%| F|  |TAMS 0x0000000728e00000, 0x0000000728e00000| Untracked 
|  13|0x0000000729000000, 0x0000000729000000, 0x0000000729200000|  0%| F|  |TAMS 0x0000000729000000, 0x0000000729000000| Untracked 
|  14|0x0000000729200000, 0x0000000729200000, 0x0000000729400000|  0%| F|  |TAMS 0x0000000729200000, 0x0000000729200000| Untracked 
|  15|0x0000000729400000, 0x0000000729400000, 0x0000000729600000|  0%| F|  |TAMS 0x0000000729400000, 0x0000000729400000| Untracked 
|  16|0x0000000729600000, 0x0000000729600000, 0x0000000729800000|  0%| F|  |TAMS 0x0000000729600000, 0x0000000729600000| Untracked 
|  17|0x0000000729800000, 0x0000000729800000, 0x0000000729a00000|  0%| F|  |TAMS 0x0000000729800000, 0x0000000729800000| Untracked 
|  18|0x0000000729a00000, 0x0000000729a00000, 0x0000000729c00000|  0%| F|  |TAMS 0x0000000729a00000, 0x0000000729a00000| Untracked 
|  19|0x0000000729c00000, 0x0000000729c00000, 0x0000000729e00000|  0%| F|  |TAMS 0x0000000729c00000, 0x0000000729c00000| Untracked 
|  20|0x0000000729e00000, 0x0000000729e00000, 0x000000072a000000|  0%| F|  |TAMS 0x0000000729e00000, 0x0000000729e00000| Untracked 
|  21|0x000000072a000000, 0x000000072a000000, 0x000000072a200000|  0%| F|  |TAMS 0x000000072a000000, 0x000000072a000000| Untracked 
|  22|0x000000072a200000, 0x000000072a200000, 0x000000072a400000|  0%| F|  |TAMS 0x000000072a200000, 0x000000072a200000| Untracked 
|  23|0x000000072a400000, 0x000000072a400000, 0x000000072a600000|  0%| F|  |TAMS 0x000000072a400000, 0x000000072a400000| Untracked 
|  24|0x000000072a600000, 0x000000072a600000, 0x000000072a800000|  0%| F|  |TAMS 0x000000072a600000, 0x000000072a600000| Untracked 
|  25|0x000000072a800000, 0x000000072a800000, 0x000000072aa00000|  0%| F|  |TAMS 0x000000072a800000, 0x000000072a800000| Untracked 
|  26|0x000000072aa00000, 0x000000072aa00000, 0x000000072ac00000|  0%| F|  |TAMS 0x000000072aa00000, 0x000000072aa00000| Untracked 
|  27|0x000000072ac00000, 0x000000072ac00000, 0x000000072ae00000|  0%| F|  |TAMS 0x000000072ac00000, 0x000000072ac00000| Untracked 
|  28|0x000000072ae00000, 0x000000072ae00000, 0x000000072b000000|  0%| F|  |TAMS 0x000000072ae00000, 0x000000072ae00000| Untracked 
|  29|0x000000072b000000, 0x000000072b000000, 0x000000072b200000|  0%| F|  |TAMS 0x000000072b000000, 0x000000072b000000| Untracked 
|  30|0x000000072b200000, 0x000000072b200000, 0x000000072b400000|  0%| F|  |TAMS 0x000000072b200000, 0x000000072b200000| Untracked 
|  31|0x000000072b400000, 0x000000072b400000, 0x000000072b600000|  0%| F|  |TAMS 0x000000072b400000, 0x000000072b400000| Untracked 
|  32|0x000000072b600000, 0x000000072b600000, 0x000000072b800000|  0%| F|  |TAMS 0x000000072b600000, 0x000000072b600000| Untracked 
|  33|0x000000072b800000, 0x000000072b800000, 0x000000072ba00000|  0%| F|  |TAMS 0x000000072b800000, 0x000000072b800000| Untracked 
|  34|0x000000072ba00000, 0x000000072ba00000, 0x000000072bc00000|  0%| F|  |TAMS 0x000000072ba00000, 0x000000072ba00000| Untracked 
|  35|0x000000072bc00000, 0x000000072bc00000, 0x000000072be00000|  0%| F|  |TAMS 0x000000072bc00000, 0x000000072bc00000| Untracked 
|  36|0x000000072be00000, 0x000000072be00000, 0x000000072c000000|  0%| F|  |TAMS 0x000000072be00000, 0x000000072be00000| Untracked 
|  37|0x000000072c000000, 0x000000072c000000, 0x000000072c200000|  0%| F|  |TAMS 0x000000072c000000, 0x000000072c000000| Untracked 
|  38|0x000000072c200000, 0x000000072c200000, 0x000000072c400000|  0%| F|  |TAMS 0x000000072c200000, 0x000000072c200000| Untracked 
|  39|0x000000072c400000, 0x000000072c400000, 0x000000072c600000|  0%| F|  |TAMS 0x000000072c400000, 0x000000072c400000| Untracked 
|  40|0x000000072c600000, 0x000000072c600000, 0x000000072c800000|  0%| F|  |TAMS 0x000000072c600000, 0x000000072c600000| Untracked 
|  41|0x000000072c800000, 0x000000072c800000, 0x000000072ca00000|  0%| F|  |TAMS 0x000000072c800000, 0x000000072c800000| Untracked 
|  42|0x000000072ca00000, 0x000000072ca00000, 0x000000072cc00000|  0%| F|  |TAMS 0x000000072ca00000, 0x000000072ca00000| Untracked 
|  43|0x000000072cc00000, 0x000000072cc00000, 0x000000072ce00000|  0%| F|  |TAMS 0x000000072cc00000, 0x000000072cc00000| Untracked 
|  44|0x000000072ce00000, 0x000000072ce00000, 0x000000072d000000|  0%| F|  |TAMS 0x000000072ce00000, 0x000000072ce00000| Untracked 
|  45|0x000000072d000000, 0x000000072d000000, 0x000000072d200000|  0%| F|  |TAMS 0x000000072d000000, 0x000000072d000000| Untracked 
|  46|0x000000072d200000, 0x000000072d200000, 0x000000072d400000|  0%| F|  |TAMS 0x000000072d200000, 0x000000072d200000| Untracked 
|  47|0x000000072d400000, 0x000000072d400000, 0x000000072d600000|  0%| F|  |TAMS 0x000000072d400000, 0x000000072d400000| Untracked 
|  48|0x000000072d600000, 0x000000072d600000, 0x000000072d800000|  0%| F|  |TAMS 0x000000072d600000, 0x000000072d600000| Untracked 
|  49|0x000000072d800000, 0x000000072d800000, 0x000000072da00000|  0%| F|  |TAMS 0x000000072d800000, 0x000000072d800000| Untracked 
|  50|0x000000072da00000, 0x000000072da00000, 0x000000072dc00000|  0%| F|  |TAMS 0x000000072da00000, 0x000000072da00000| Untracked 
|  51|0x000000072dc00000, 0x000000072dc00000, 0x000000072de00000|  0%| F|  |TAMS 0x000000072dc00000, 0x000000072dc00000| Untracked 
|  52|0x000000072de00000, 0x000000072de00000, 0x000000072e000000|  0%| F|  |TAMS 0x000000072de00000, 0x000000072de00000| Untracked 
|  53|0x000000072e000000, 0x000000072e000000, 0x000000072e200000|  0%| F|  |TAMS 0x000000072e000000, 0x000000072e000000| Untracked 
|  54|0x000000072e200000, 0x000000072e200000, 0x000000072e400000|  0%| F|  |TAMS 0x000000072e200000, 0x000000072e200000| Untracked 
|  55|0x000000072e400000, 0x000000072e400000, 0x000000072e600000|  0%| F|  |TAMS 0x000000072e400000, 0x000000072e400000| Untracked 
|  56|0x000000072e600000, 0x000000072e600000, 0x000000072e800000|  0%| F|  |TAMS 0x000000072e600000, 0x000000072e600000| Untracked 
|  57|0x000000072e800000, 0x000000072e800000, 0x000000072ea00000|  0%| F|  |TAMS 0x000000072e800000, 0x000000072e800000| Untracked 
|  58|0x000000072ea00000, 0x000000072ea00000, 0x000000072ec00000|  0%| F|  |TAMS 0x000000072ea00000, 0x000000072ea00000| Untracked 
|  59|0x000000072ec00000, 0x000000072ec00000, 0x000000072ee00000|  0%| F|  |TAMS 0x000000072ec00000, 0x000000072ec00000| Untracked 
|  60|0x000000072ee00000, 0x000000072ee00000, 0x000000072f000000|  0%| F|  |TAMS 0x000000072ee00000, 0x000000072ee00000| Untracked 
|  61|0x000000072f000000, 0x000000072f000000, 0x000000072f200000|  0%| F|  |TAMS 0x000000072f000000, 0x000000072f000000| Untracked 
|  62|0x000000072f200000, 0x000000072f200000, 0x000000072f400000|  0%| F|  |TAMS 0x000000072f200000, 0x000000072f200000| Untracked 
|  63|0x000000072f400000, 0x000000072f400000, 0x000000072f600000|  0%| F|  |TAMS 0x000000072f400000, 0x000000072f400000| Untracked 
|  64|0x000000072f600000, 0x000000072f600000, 0x000000072f800000|  0%| F|  |TAMS 0x000000072f600000, 0x000000072f600000| Untracked 
|  65|0x000000072f800000, 0x000000072f800000, 0x000000072fa00000|  0%| F|  |TAMS 0x000000072f800000, 0x000000072f800000| Untracked 
|  66|0x000000072fa00000, 0x000000072fa00000, 0x000000072fc00000|  0%| F|  |TAMS 0x000000072fa00000, 0x000000072fa00000| Untracked 
|  67|0x000000072fc00000, 0x000000072fc00000, 0x000000072fe00000|  0%| F|  |TAMS 0x000000072fc00000, 0x000000072fc00000| Untracked 
|  68|0x000000072fe00000, 0x000000072fe00000, 0x0000000730000000|  0%| F|  |TAMS 0x000000072fe00000, 0x000000072fe00000| Untracked 
|  69|0x0000000730000000, 0x0000000730000000, 0x0000000730200000|  0%| F|  |TAMS 0x0000000730000000, 0x0000000730000000| Untracked 
|  70|0x0000000730200000, 0x0000000730200000, 0x0000000730400000|  0%| F|  |TAMS 0x0000000730200000, 0x0000000730200000| Untracked 
|  71|0x0000000730400000, 0x0000000730400000, 0x0000000730600000|  0%| F|  |TAMS 0x0000000730400000, 0x0000000730400000| Untracked 
|  72|0x0000000730600000, 0x0000000730600000, 0x0000000730800000|  0%| F|  |TAMS 0x0000000730600000, 0x0000000730600000| Untracked 
|  73|0x0000000730800000, 0x0000000730800000, 0x0000000730a00000|  0%| F|  |TAMS 0x0000000730800000, 0x0000000730800000| Untracked 
|  74|0x0000000730a00000, 0x0000000730a00000, 0x0000000730c00000|  0%| F|  |TAMS 0x0000000730a00000, 0x0000000730a00000| Untracked 
|  75|0x0000000730c00000, 0x0000000730c00000, 0x0000000730e00000|  0%| F|  |TAMS 0x0000000730c00000, 0x0000000730c00000| Untracked 
|  76|0x0000000730e00000, 0x0000000730e00000, 0x0000000731000000|  0%| F|  |TAMS 0x0000000730e00000, 0x0000000730e00000| Untracked 
|  77|0x0000000731000000, 0x0000000731000000, 0x0000000731200000|  0%| F|  |TAMS 0x0000000731000000, 0x0000000731000000| Untracked 
|  78|0x0000000731200000, 0x0000000731200000, 0x0000000731400000|  0%| F|  |TAMS 0x0000000731200000, 0x0000000731200000| Untracked 
|  79|0x0000000731400000, 0x0000000731400000, 0x0000000731600000|  0%| F|  |TAMS 0x0000000731400000, 0x0000000731400000| Untracked 
|  80|0x0000000731600000, 0x0000000731600000, 0x0000000731800000|  0%| F|  |TAMS 0x0000000731600000, 0x0000000731600000| Untracked 
|  81|0x0000000731800000, 0x0000000731800000, 0x0000000731a00000|  0%| F|  |TAMS 0x0000000731800000, 0x0000000731800000| Untracked 
|  82|0x0000000731a00000, 0x0000000731a00000, 0x0000000731c00000|  0%| F|  |TAMS 0x0000000731a00000, 0x0000000731a00000| Untracked 
|  83|0x0000000731c00000, 0x0000000731c00000, 0x0000000731e00000|  0%| F|  |TAMS 0x0000000731c00000, 0x0000000731c00000| Untracked 
|  84|0x0000000731e00000, 0x0000000731e00000, 0x0000000732000000|  0%| F|  |TAMS 0x0000000731e00000, 0x0000000731e00000| Untracked 
|  85|0x0000000732000000, 0x0000000732000000, 0x0000000732200000|  0%| F|  |TAMS 0x0000000732000000, 0x0000000732000000| Untracked 
|  86|0x0000000732200000, 0x0000000732200000, 0x0000000732400000|  0%| F|  |TAMS 0x0000000732200000, 0x0000000732200000| Untracked 
|  87|0x0000000732400000, 0x0000000732400000, 0x0000000732600000|  0%| F|  |TAMS 0x0000000732400000, 0x0000000732400000| Untracked 
|  88|0x0000000732600000, 0x0000000732600000, 0x0000000732800000|  0%| F|  |TAMS 0x0000000732600000, 0x0000000732600000| Untracked 
|  89|0x0000000732800000, 0x0000000732800000, 0x0000000732a00000|  0%| F|  |TAMS 0x0000000732800000, 0x0000000732800000| Untracked 
|  90|0x0000000732a00000, 0x0000000732a00000, 0x0000000732c00000|  0%| F|  |TAMS 0x0000000732a00000, 0x0000000732a00000| Untracked 
|  91|0x0000000732c00000, 0x0000000732c00000, 0x0000000732e00000|  0%| F|  |TAMS 0x0000000732c00000, 0x0000000732c00000| Untracked 
|  92|0x0000000732e00000, 0x0000000732e00000, 0x0000000733000000|  0%| F|  |TAMS 0x0000000732e00000, 0x0000000732e00000| Untracked 
|  93|0x0000000733000000, 0x0000000733000000, 0x0000000733200000|  0%| F|  |TAMS 0x0000000733000000, 0x0000000733000000| Untracked 
|  94|0x0000000733200000, 0x0000000733200000, 0x0000000733400000|  0%| F|  |TAMS 0x0000000733200000, 0x0000000733200000| Untracked 
|  95|0x0000000733400000, 0x0000000733400000, 0x0000000733600000|  0%| F|  |TAMS 0x0000000733400000, 0x0000000733400000| Untracked 
|  96|0x0000000733600000, 0x0000000733800000, 0x0000000733800000|100%| S|CS|TAMS 0x0000000733600000, 0x0000000733600000| Complete 
|  97|0x0000000733800000, 0x0000000733a00000, 0x0000000733a00000|100%| S|CS|TAMS 0x0000000733800000, 0x0000000733800000| Complete 
|  98|0x0000000733a00000, 0x0000000733a00000, 0x0000000733c00000|  0%| F|  |TAMS 0x0000000733a00000, 0x0000000733a00000| Untracked 
|  99|0x0000000733c00000, 0x0000000733c00000, 0x0000000733e00000|  0%| F|  |TAMS 0x0000000733c00000, 0x0000000733c00000| Untracked 
| 100|0x0000000733e00000, 0x0000000733e00000, 0x0000000734000000|  0%| F|  |TAMS 0x0000000733e00000, 0x0000000733e00000| Untracked 
| 101|0x0000000734000000, 0x0000000734000000, 0x0000000734200000|  0%| F|  |TAMS 0x0000000734000000, 0x0000000734000000| Untracked 
| 102|0x0000000734200000, 0x0000000734200000, 0x0000000734400000|  0%| F|  |TAMS 0x0000000734200000, 0x0000000734200000| Untracked 
| 103|0x0000000734400000, 0x0000000734400000, 0x0000000734600000|  0%| F|  |TAMS 0x0000000734400000, 0x0000000734400000| Untracked 
| 104|0x0000000734600000, 0x0000000734600000, 0x0000000734800000|  0%| F|  |TAMS 0x0000000734600000, 0x0000000734600000| Untracked 
| 105|0x0000000734800000, 0x0000000734a00000, 0x0000000734a00000|100%| E|  |TAMS 0x0000000734800000, 0x0000000734800000| Complete 
| 106|0x0000000734a00000, 0x0000000734c00000, 0x0000000734c00000|100%| E|CS|TAMS 0x0000000734a00000, 0x0000000734a00000| Complete 
| 107|0x0000000734c00000, 0x0000000734e00000, 0x0000000734e00000|100%| E|CS|TAMS 0x0000000734c00000, 0x0000000734c00000| Complete 
| 108|0x0000000734e00000, 0x0000000735000000, 0x0000000735000000|100%| E|CS|TAMS 0x0000000734e00000, 0x0000000734e00000| Complete 

Card table byte_map: [0x0000026db07e0000,0x0000026db0eb0000] _byte_map_base: 0x0000026dacea5000

Marking Bits (Prev, Next): (CMBitMap*) 0x0000026d9903f820, (CMBitMap*) 0x0000026d9903f860
 Prev Bits: [0x0000026db1580000, 0x0000026db4ba8000)
 Next Bits: [0x0000026db4bb0000, 0x0000026db81d8000)

Polling page: 0x0000026d96c70000

Metaspace:

Usage:
  Non-class:      4.60 MB used.
      Class:    595.49 KB used.
       Both:      5.18 MB used.

Virtual space:
  Non-class space:       64.00 MB reserved,       4.69 MB (  7%) committed,  1 nodes.
      Class space:        1.00 GB reserved,     704.00 KB ( <1%) committed,  1 nodes.
             Both:        1.06 GB reserved,       5.38 MB ( <1%) committed. 

Chunk freelists:
   Non-Class:  9.88 MB
       Class:  15.14 MB
        Both:  25.02 MB

MaxMetaspaceSize: unlimited
CompressedClassSpaceSize: 1.00 GB
Initial GC threshold: 21.00 MB
Current GC threshold: 21.00 MB
CDS: on
MetaspaceReclaimPolicy: balanced
 - commit_granule_bytes: 65536.
 - commit_granule_words: 8192.
 - virtual_space_node_default_size: 8388608.
 - enlarge_chunks_in_place: 1.
 - new_chunks_are_fully_committed: 0.
 - uncommit_free_chunks: 1.
 - use_allocation_guard: 0.
 - handle_deallocations: 1.


Internal statistics:

num_allocs_failed_limit: 0.
num_arena_births: 100.
num_arena_deaths: 0.
num_vsnodes_births: 2.
num_vsnodes_deaths: 0.
num_space_committed: 86.
num_space_uncommitted: 0.
num_chunks_returned_to_freelist: 0.
num_chunks_taken_from_freelist: 246.
num_chunk_merges: 0.
num_chunk_splits: 146.
num_chunks_enlarged: 100.
num_inconsistent_stats: 0.

CodeHeap 'non-profiled nmethods': size=119168Kb used=439Kb max_used=439Kb free=118728Kb
 bounds [0x0000026da8430000, 0x0000026da86a0000, 0x0000026daf890000]
CodeHeap 'profiled nmethods': size=119104Kb used=2152Kb max_used=2152Kb free=116951Kb
 bounds [0x0000026da0890000, 0x0000026da0b00000, 0x0000026da7ce0000]
CodeHeap 'non-nmethods': size=7488Kb used=1712Kb max_used=2867Kb free=5775Kb
 bounds [0x0000026da7ce0000, 0x0000026da7fb0000, 0x0000026da8430000]
 total_blobs=1621 nmethods=1184 adapters=349
 compilation: enabled
              stopped_count=0, restarted_count=0
 full_count=0

Compilation events (20 events):
Event: 2.867 Thread 0x0000026dbb3e21d0 1141       3       java.lang.invoke.DirectMethodHandle$Holder::newInvokeSpecial (21 bytes)
Event: 2.867 Thread 0x0000026dbb1bd910 nmethod 1133 0x0000026da0a91490 code [0x0000026da0a91620, 0x0000026da0a91818]
Event: 2.868 Thread 0x0000026dbb3eb470 1134       3       java.lang.invoke.Invokers$Holder::linkToTargetMethod (8 bytes)
Event: 2.868 Thread 0x0000026dbb1bd910 1135       3       java.lang.invoke.LambdaForm$MH/0x0000026dbd000400::invoke (8 bytes)
Event: 2.868 Thread 0x0000026dbb3e27a0 nmethod 1136 0x0000026da849bf10 code [0x0000026da849c0a0, 0x0000026da849c178]
Event: 2.868 Thread 0x0000026dbb3e27a0 1142       3       org.springframework.core.OrderComparator::getOrder (111 bytes)
Event: 2.869 Thread 0x0000026dbb3eb470 nmethod 1134 0x0000026da0a92490 code [0x0000026da0a92640, 0x0000026da0a92938]
Event: 2.869 Thread 0x0000026dbb3e21d0 nmethod 1141 0x0000026da0a91910 code [0x0000026da0a91b00, 0x0000026da0a92288]
Event: 2.869 Thread 0x0000026dbb1bd910 nmethod 1135 0x0000026da0a92a10 code [0x0000026da0a92ba0, 0x0000026da0a92df8]
Event: 2.869 Thread 0x0000026dbb3eb470 1145       3       java.util.LinkedHashMap$LinkedKeyIterator::next (8 bytes)
Event: 2.869 Thread 0x0000026dbb3e21d0 1144       3       jdk.internal.misc.VM::isModuleSystemInited (13 bytes)
Event: 2.869 Thread 0x0000026dbb1bd910 1139       3       java.util.ArrayList::isEmpty (13 bytes)
Event: 2.869 Thread 0x0000026dbb3eb470 nmethod 1145 0x0000026da0a92f10 code [0x0000026da0a930c0, 0x0000026da0a93228]
Event: 2.869 Thread 0x0000026dbb3eb470 1140       3       java.lang.String::substring (10 bytes)
Event: 2.869 Thread 0x0000026dbb3e21d0 nmethod 1144 0x0000026da0a93310 code [0x0000026da0a934a0, 0x0000026da0a93658]
Event: 2.869 Thread 0x0000026dbb1bd910 nmethod 1139 0x0000026da0a93710 code [0x0000026da0a938a0, 0x0000026da0a93a18]
Event: 2.869 Thread 0x0000026dbb3e21d0 1143       1       org.springframework.core.annotation.MergedAnnotations$Search::lambda$static$1 (2 bytes)
Event: 2.870 Thread 0x0000026dbb3e27a0 nmethod 1142 0x0000026da0a93a90 code [0x0000026da0a93ce0, 0x0000026da0a94678]
Event: 2.870 Thread 0x0000026dbb3eb470 nmethod 1140 0x0000026da0a94990 code [0x0000026da0a94b40, 0x0000026da0a94d88]
Event: 2.870 Thread 0x0000026dbb3e21d0 nmethod 1143 0x0000026da849c210 code [0x0000026da849c3a0, 0x0000026da849c458]

GC Heap History (2 events):
Event: 0.756 GC heap before
{Heap before GC invocations=0 (full 0):
 garbage-first heap   total 223232K, used 20480K [0x0000000727600000, 0x0000000800000000)
  region size 2048K, 11 young (22528K), 0 survivors (0K)
 Metaspace       used 4908K, committed 5056K, reserved 1114112K
  class space    used 551K, committed 576K, reserved 1048576K
}
Event: 0.759 GC heap after
{Heap after GC invocations=1 (full 0):
 garbage-first heap   total 223232K, used 6844K [0x0000000727600000, 0x0000000800000000)
  region size 2048K, 2 young (4096K), 2 survivors (4096K)
 Metaspace       used 4908K, committed 5056K, reserved 1114112K
  class space    used 551K, committed 576K, reserved 1048576K
}

Deoptimization events (20 events):
Event: 0.770 Thread 0x0000026d98fdf7e0 DEOPT PACKING pc=0x0000026da0a7f1e8 sp=0x000000c7632fe850
Event: 0.770 Thread 0x0000026d98fdf7e0 DEOPT UNPACKING pc=0x0000026da7d32b43 sp=0x000000c7632fdce0 mode 0
Event: 0.770 Thread 0x0000026d98fdf7e0 DEOPT PACKING pc=0x0000026da0a7f1e8 sp=0x000000c7632fe850
Event: 0.770 Thread 0x0000026d98fdf7e0 DEOPT UNPACKING pc=0x0000026da7d32b43 sp=0x000000c7632fdce0 mode 0
Event: 0.770 Thread 0x0000026d98fdf7e0 DEOPT PACKING pc=0x0000026da0a7f1e8 sp=0x000000c7632fe850
Event: 0.770 Thread 0x0000026d98fdf7e0 DEOPT UNPACKING pc=0x0000026da7d32b43 sp=0x000000c7632fdce0 mode 0
Event: 0.770 Thread 0x0000026d98fdf7e0 DEOPT PACKING pc=0x0000026da0a7f1e8 sp=0x000000c7632fe9c0
Event: 0.770 Thread 0x0000026d98fdf7e0 DEOPT UNPACKING pc=0x0000026da7d32b43 sp=0x000000c7632fde50 mode 0
Event: 0.770 Thread 0x0000026d98fdf7e0 DEOPT PACKING pc=0x0000026da0a7f1e8 sp=0x000000c7632fe850
Event: 0.770 Thread 0x0000026d98fdf7e0 DEOPT UNPACKING pc=0x0000026da7d32b43 sp=0x000000c7632fdce0 mode 0
Event: 0.776 Thread 0x0000026d98fdf7e0 DEOPT PACKING pc=0x0000026da0a7f1e8 sp=0x000000c7632fe850
Event: 0.776 Thread 0x0000026d98fdf7e0 DEOPT UNPACKING pc=0x0000026da7d32b43 sp=0x000000c7632fdce0 mode 0
Event: 1.833 Thread 0x0000026dbbc9c440 Uncommon trap: trap_request=0xffffff54 fr.pc=0x0000026da8469c70 relative=0x00000000000002b0
Event: 1.833 Thread 0x0000026dbbc9c440 Uncommon trap: reason=speculate_null_assert action=make_not_entrant pc=0x0000026da8469c70 method=jdk.internal.loader.URLClassPath.getLoader(I)Ljdk/internal/loader/URLClassPath$Loader; @ 41 c2
Event: 1.833 Thread 0x0000026dbbc9c440 DEOPT PACKING pc=0x0000026da8469c70 sp=0x000000c7650fe680
Event: 1.833 Thread 0x0000026dbbc9c440 DEOPT UNPACKING pc=0x0000026da7d323a3 sp=0x000000c7650fe620 mode 2
Event: 1.833 Thread 0x0000026dbbc9c440 Uncommon trap: trap_request=0xffffff45 fr.pc=0x0000026da8487e5c relative=0x00000000000013fc
Event: 1.833 Thread 0x0000026dbbc9c440 Uncommon trap: reason=unstable_if action=reinterpret pc=0x0000026da8487e5c method=java.io.WinNTFileSystem.normalize(Ljava/lang/String;II)Ljava/lang/String; @ 87 c2
Event: 1.833 Thread 0x0000026dbbc9c440 DEOPT PACKING pc=0x0000026da8487e5c sp=0x000000c7650fe270
Event: 1.833 Thread 0x0000026dbbc9c440 DEOPT UNPACKING pc=0x0000026da7d323a3 sp=0x000000c7650fe1a8 mode 2

Classes unloaded (0 events):
No events

Classes redefined (0 events):
No events

Internal exceptions (14 events):
Event: 0.274 Thread 0x0000026dbb480080 Exception <a 'java/lang/NoSuchMethodError'{0x00000007347af3b0}: 'java.lang.Object java.lang.invoke.DirectMethodHandle$Holder.invokeStaticInit(java.lang.Object)'> (0x00000007347af3b0) 
thrown [s\open\src\hotspot\share\interpreter\linkResolver.cpp, line 759]
Event: 0.280 Thread 0x0000026dbb480080 Exception <a 'java/lang/NoSuchMethodError'{0x00000007347bd180}: 'void java.lang.invoke.DirectMethodHandle$Holder.invokeStatic(java.lang.Object, java.lang.Object)'> (0x00000007347bd180) 
thrown [s\open\src\hotspot\share\interpreter\linkResolver.cpp, line 759]
Event: 0.357 Thread 0x0000026d98fdf7e0 Exception <a 'java/lang/ClassNotFoundException'{0x00000007342248d0}: javax/smartcardio/CardPermission> (0x00000007342248d0) 
thrown [s\open\src\hotspot\share\classfile\systemDictionary.cpp, line 256]
Event: 0.361 Thread 0x0000026d98fdf7e0 Exception <a 'java/io/FileNotFoundException'{0x0000000734232f78}> (0x0000000734232f78) 
thrown [s\open\src\hotspot\share\prims\jni.cpp, line 516]
Event: 0.405 Thread 0x0000026d98fdf7e0 Exception <a 'java/lang/NoSuchMethodError'{0x00000007342af1f0}: 'java.lang.Object java.lang.invoke.DirectMethodHandle$Holder.invokeSpecial(java.lang.Object, java.lang.Object, java.lang.Object, long, java.lang.Object)'> (0x00000007342af1f0) 
thrown [s\open\src\hotspot\share\interpreter\linkResolver.cpp, line 759]
Event: 0.409 Thread 0x0000026d98fdf7e0 Exception <a 'java/lang/NoSuchMethodError'{0x00000007342b2dc0}: 'java.lang.Object java.lang.invoke.Invokers$Holder.linkToTargetMethod(java.lang.Object, long, java.lang.Object, java.lang.Object)'> (0x00000007342b2dc0) 
thrown [s\open\src\hotspot\share\interpreter\linkResolver.cpp, line 759]
Event: 0.513 Thread 0x0000026d98fdf7e0 Exception <a 'java/lang/NoSuchMethodError'{0x00000007340ad5e0}: 'void java.lang.invoke.DirectMethodHandle$Holder.invokeStatic(java.lang.Object, java.lang.Object, java.lang.Object, java.lang.Object)'> (0x00000007340ad5e0) 
thrown [s\open\src\hotspot\share\interpreter\linkResolver.cpp, line 759]
Event: 0.552 Thread 0x0000026d98fdf7e0 Exception <a 'java/lang/NoSuchMethodError'{0x00000007341c4368}: 'int java.lang.invoke.DirectMethodHandle$Holder.invokeStaticInit(java.lang.Object, java.lang.Object)'> (0x00000007341c4368) 
thrown [s\open\src\hotspot\share\interpreter\linkResolver.cpp, line 759]
Event: 0.606 Thread 0x0000026d98fdf7e0 Exception <a 'java/lang/NoSuchMethodError'{0x0000000733f27cc0}: 'void java.lang.invoke.DirectMethodHandle$Holder.invokeInterface(java.lang.Object, java.lang.Object, java.lang.Object, java.lang.Object)'> (0x0000000733f27cc0) 
thrown [s\open\src\hotspot\share\interpreter\linkResolver.cpp, line 759]
Event: 0.652 Thread 0x0000026d98fdf7e0 Exception <a 'java/lang/NoSuchMethodError'{0x0000000733c6ea98}: 'java.lang.Object java.lang.invoke.DirectMethodHandle$Holder.invokeInterface(java.lang.Object, java.lang.Object)'> (0x0000000733c6ea98) 
thrown [s\open\src\hotspot\share\interpreter\linkResolver.cpp, line 759]
Event: 0.659 Thread 0x0000026d98fdf7e0 Exception <a 'java/lang/NoSuchMethodError'{0x0000000733ca8b50}: 'void java.lang.invoke.DirectMethodHandle$Holder.invokeStatic(java.lang.Object, java.lang.Object, java.lang.Object)'> (0x0000000733ca8b50) 
thrown [s\open\src\hotspot\share\interpreter\linkResolver.cpp, line 759]
Event: 0.672 Thread 0x0000026d98fdf7e0 Exception <a 'java/lang/NoSuchMethodError'{0x0000000733d1e530}: 'java.lang.Object java.lang.invoke.DirectMethodHandle$Holder.invokeSpecialIFC(java.lang.Object, java.lang.Object, java.lang.Object, java.lang.Object)'> (0x0000000733d1e530) 
thrown [s\open\src\hotspot\share\interpreter\linkResolver.cpp, line 759]
Event: 0.675 Thread 0x0000026d98fdf7e0 Exception <a 'java/lang/NoSuchMethodError'{0x0000000733d3d950}: 'java.lang.Object java.lang.invoke.DirectMethodHandle$Holder.invokeInterface(java.lang.Object, java.lang.Object, java.lang.Object)'> (0x0000000733d3d950) 
thrown [s\open\src\hotspot\share\interpreter\linkResolver.cpp, line 759]
Event: 0.712 Thread 0x0000026d98fdf7e0 Exception <a 'java/lang/NoSuchMethodError'{0x0000000733a3e0c8}: 'int java.lang.invoke.DirectMethodHandle$Holder.invokeSpecial(java.lang.Object, java.lang.Object, java.lang.Object)'> (0x0000000733a3e0c8) 
thrown [s\open\src\hotspot\share\interpreter\linkResolver.cpp, line 759]

VM Operations (20 events):
Event: 0.121 Executing VM operation: HandshakeAllThreads
Event: 0.121 Executing VM operation: HandshakeAllThreads done
Event: 0.273 Executing VM operation: HandshakeAllThreads
Event: 0.273 Executing VM operation: HandshakeAllThreads done
Event: 0.295 Executing VM operation: HandshakeAllThreads
Event: 0.296 Executing VM operation: HandshakeAllThreads done
Event: 0.311 Executing VM operation: HandshakeAllThreads
Event: 0.311 Executing VM operation: HandshakeAllThreads done
Event: 0.319 Executing VM operation: HandshakeAllThreads
Event: 0.319 Executing VM operation: HandshakeAllThreads done
Event: 0.465 Executing VM operation: HandshakeAllThreads
Event: 0.465 Executing VM operation: HandshakeAllThreads done
Event: 0.756 Executing VM operation: G1CollectForAllocation
Event: 0.759 Executing VM operation: G1CollectForAllocation done
Event: 1.762 Executing VM operation: Cleanup
Event: 1.762 Executing VM operation: Cleanup done
Event: 2.765 Executing VM operation: Cleanup
Event: 2.859 Executing VM operation: Cleanup done
Event: 3.862 Executing VM operation: Cleanup
Event: 3.862 Executing VM operation: Cleanup done

Events (20 events):
Event: 1.819 loading class jdk/internal/misc/ScopedMemoryAccess$Scope
Event: 1.819 loading class jdk/internal/misc/ScopedMemoryAccess$Scope done
Event: 1.822 loading class java/util/regex/Pattern$BnM
Event: 1.823 loading class java/util/regex/Pattern$BnM done
Event: 1.823 loading class java/util/regex/Pattern$SliceS
Event: 1.823 loading class java/util/regex/Pattern$SliceS done
Event: 1.826 loading class java/util/concurrent/LinkedBlockingDeque$Node
Event: 1.826 loading class java/util/concurrent/LinkedBlockingDeque$Node done
Event: 1.828 loading class jdk/internal/reflect/UnsafeFieldAccessorFactory
Event: 1.828 loading class jdk/internal/reflect/UnsafeFieldAccessorFactory done
Event: 1.828 loading class jdk/internal/reflect/UnsafeQualifiedStaticObjectFieldAccessorImpl
Event: 1.828 loading class jdk/internal/reflect/UnsafeQualifiedStaticFieldAccessorImpl
Event: 1.828 loading class jdk/internal/reflect/UnsafeQualifiedStaticFieldAccessorImpl done
Event: 1.828 loading class jdk/internal/reflect/UnsafeQualifiedStaticObjectFieldAccessorImpl done
Event: 1.829 Thread 0x0000026dfd27bd90 Thread added: 0x0000026dfd27bd90
Event: 1.832 Thread 0x0000026dbbc9c440 Thread added: 0x0000026dbbc9c440
Event: 1.833 loading class java/net/URLClassLoader$1
Event: 1.833 loading class java/net/URLClassLoader$1 done
Event: 2.859 Thread 0x0000026dbb539820 Thread exited: 0x0000026dbb539820
Event: 2.859 Thread 0x0000026dbb41db70 Thread exited: 0x0000026dbb41db70


Dynamic libraries:
0x00007ff6a6ad0000 - 0x00007ff6a6ae0000 	C:\Program Files\Java\jdk-17\bin\java.exe
0x00007ffe7f220000 - 0x00007ffe7f487000 	C:\Windows\SYSTEM32\ntdll.dll
0x00007ffe7dda0000 - 0x00007ffe7de69000 	C:\Windows\System32\KERNEL32.DLL
0x00007ffe7c610000 - 0x00007ffe7c9ff000 	C:\Windows\System32\KERNELBASE.dll
0x00007ffe7cb90000 - 0x00007ffe7ccdb000 	C:\Windows\System32\ucrtbase.dll
0x00007ffe64250000 - 0x00007ffe64269000 	C:\Program Files\Java\jdk-17\bin\jli.dll
0x00007ffe54d50000 - 0x00007ffe54d6b000 	C:\Program Files\Java\jdk-17\bin\VCRUNTIME140.dll
0x00007ffe7d220000 - 0x00007ffe7d2d4000 	C:\Windows\System32\ADVAPI32.dll
0x00007ffe7d2e0000 - 0x00007ffe7d389000 	C:\Windows\System32\msvcrt.dll
0x00007ffe7ec20000 - 0x00007ffe7ecc6000 	C:\Windows\System32\sechost.dll
0x00007ffe7f090000 - 0x00007ffe7f1a8000 	C:\Windows\System32\RPCRT4.dll
0x00007ffe7cfc0000 - 0x00007ffe7d185000 	C:\Windows\System32\USER32.dll
0x00007ffe7c370000 - 0x00007ffe7c397000 	C:\Windows\System32\win32u.dll
0x00007ffe628b0000 - 0x00007ffe62b43000 	C:\Windows\WinSxS\amd64_microsoft.windows.common-controls_6595b64144ccf1df_6.0.26100.7309_none_3e05feeae336a044\COMCTL32.dll
0x00007ffe7d390000 - 0x00007ffe7d3bb000 	C:\Windows\System32\GDI32.dll
0x00007ffe7c3a0000 - 0x00007ffe7c4cc000 	C:\Windows\System32\gdi32full.dll
0x00007ffe7cda0000 - 0x00007ffe7ce43000 	C:\Windows\System32\msvcp_win.dll
0x00007ffe74490000 - 0x00007ffe7449b000 	C:\Windows\SYSTEM32\VERSION.dll
0x00007ffe7dd60000 - 0x00007ffe7dd91000 	C:\Windows\System32\IMM32.DLL
0x00007ffe76c20000 - 0x00007ffe76c2c000 	C:\Program Files\Java\jdk-17\bin\vcruntime140_1.dll
0x00007ffe31730000 - 0x00007ffe317be000 	C:\Program Files\Java\jdk-17\bin\msvcp140.dll
0x00007ffdd5350000 - 0x00007ffdd5f30000 	C:\Program Files\Java\jdk-17\bin\server\jvm.dll
0x00007ffe7dcd0000 - 0x00007ffe7dcd8000 	C:\Windows\System32\PSAPI.DLL
0x00007ffe6def0000 - 0x00007ffe6df25000 	C:\Windows\SYSTEM32\WINMM.dll
0x00007ffe5ccf0000 - 0x00007ffe5ccfa000 	C:\Windows\SYSTEM32\WSOCK32.dll
0x00007ffe7eb40000 - 0x00007ffe7ebb4000 	C:\Windows\System32\WS2_32.dll
0x00007ffe7b190000 - 0x00007ffe7b1ab000 	C:\Windows\SYSTEM32\kernel.appcore.dll
0x00007ffe66fa0000 - 0x00007ffe66faa000 	C:\Program Files\Java\jdk-17\bin\jimage.dll
0x00007ffe79a30000 - 0x00007ffe79c72000 	C:\Windows\SYSTEM32\DBGHELP.DLL
0x00007ffe7d940000 - 0x00007ffe7dcc6000 	C:\Windows\System32\combase.dll
0x00007ffe7ea60000 - 0x00007ffe7eb36000 	C:\Windows\System32\OLEAUT32.dll
0x00007ffe625b0000 - 0x00007ffe625ec000 	C:\Windows\SYSTEM32\dbgcore.DLL
0x00007ffe7c560000 - 0x00007ffe7c605000 	C:\Windows\System32\bcryptPrimitives.dll
0x00007ffe54d40000 - 0x00007ffe54d4e000 	C:\Program Files\Java\jdk-17\bin\instrument.dll
0x00007ffe53970000 - 0x00007ffe53995000 	C:\Program Files\Java\jdk-17\bin\java.dll
0x00007ffe1ee10000 - 0x00007ffe1eee7000 	C:\Program Files\Java\jdk-17\bin\jsvml.dll
0x00007ffe7e300000 - 0x00007ffe7ea53000 	C:\Windows\System32\SHELL32.dll
0x00007ffe7ce50000 - 0x00007ffe7cfba000 	C:\Windows\System32\wintypes.dll
0x00007ffe79f40000 - 0x00007ffe7a79e000 	C:\Windows\SYSTEM32\windows.storage.dll
0x00007ffe7ef90000 - 0x00007ffe7f085000 	C:\Windows\System32\SHCORE.dll
0x00007ffe7d8d0000 - 0x00007ffe7d936000 	C:\Windows\System32\shlwapi.dll
0x00007ffe7c290000 - 0x00007ffe7c2b9000 	C:\Windows\SYSTEM32\profapi.dll
0x00007ffe53710000 - 0x00007ffe53728000 	C:\Program Files\Java\jdk-17\bin\zip.dll
0x00007ffe53900000 - 0x00007ffe53919000 	C:\Program Files\Java\jdk-17\bin\net.dll
0x00007ffe75b40000 - 0x00007ffe75c68000 	C:\Windows\SYSTEM32\WINHTTP.dll
0x00007ffe7b7b0000 - 0x00007ffe7b81b000 	C:\Windows\system32\mswsock.dll
0x00007ffe538c0000 - 0x00007ffe538d6000 	C:\Program Files\Java\jdk-17\bin\nio.dll
0x00007ffe53960000 - 0x00007ffe5396a000 	C:\Program Files\Java\jdk-17\bin\management.dll
0x00007ffe538f0000 - 0x00007ffe538fb000 	C:\Program Files\Java\jdk-17\bin\management_ext.dll

dbghelp: loaded successfully - version: 4.0.5 - missing functions: none
symbol engine: initialized successfully - sym options: 0x614 - pdb path: .;C:\Program Files\Java\jdk-17\bin;C:\Windows\SYSTEM32;C:\Windows\WinSxS\amd64_microsoft.windows.common-controls_6595b64144ccf1df_6.0.26100.7309_none_3e05feeae336a044;C:\Program Files\Java\jdk-17\bin\server

VM Arguments:
jvm_args: -javaagent:C:\Program Files\JetBrains\IntelliJ IDEA Community Edition 2024.3.3\lib\idea_rt.jar=62861 -Dfile.encoding=UTF-8 
java_command: com.microservice.patient.PatientApplication
java_class_path (initial): D:\ABU GAZALA MICROSERVICE\patient\target\classes;C:\Users\Khaled\.m2\repository\org\springframework\boot\spring-boot-starter-web\3.2.3\spring-boot-starter-web-3.2.3.jar;C:\Users\Khaled\.m2\repository\org\springframework\boot\spring-boot-starter\3.2.3\spring-boot-starter-3.2.3.jar;C:\Users\Khaled\.m2\repository\org\springframework\boot\spring-boot-starter-logging\3.2.3\spring-boot-starter-logging-3.2.3.jar;C:\Users\Khaled\.m2\repository\ch\qos\logback\logback-classic\1.4.14\logback-classic-1.4.14.jar;C:\Users\Khaled\.m2\repository\ch\qos\logback\logback-core\1.4.14\logback-core-1.4.14.jar;C:\Users\Khaled\.m2\repository\org\apache\logging\log4j\log4j-to-slf4j\2.21.1\log4j-to-slf4j-2.21.1.jar;C:\Users\Khaled\.m2\repository\org\apache\logging\log4j\log4j-api\2.21.1\log4j-api-2.21.1.jar;C:\Users\Khaled\.m2\repository\org\slf4j\jul-to-slf4j\2.0.12\jul-to-slf4j-2.0.12.jar;C:\Users\Khaled\.m2\repository\jakarta\annotation\jakarta.annotation-api\2.1.1\jakarta.annotation-api-2.1.1.jar;C:\Users\Khaled\.m2\repository\org\yaml\snakeyaml\2.2\snakeyaml-2.2.jar;C:\Users\Khaled\.m2\repository\org\springframework\boot\spring-boot-starter-json\3.2.3\spring-boot-starter-json-3.2.3.jar;C:\Users\Khaled\.m2\repository\com\fasterxml\jackson\datatype\jackson-datatype-jdk8\2.15.4\jackson-datatype-jdk8-2.15.4.jar;C:\Users\Khaled\.m2\repository\com\fasterxml\jackson\datatype\jackson-datatype-jsr310\2.15.4\jackson-datatype-jsr310-2.15.4.jar;C:\Users\Khaled\.m2\repository\com\fasterxml\jackson\module\jackson-module-parameter-names\2.15.4\jackson-module-parameter-names-2.15.4.jar;C:\Users\Khaled\.m2\repository\org\springframework\boot\spring-boot-starter-tomcat\3.2.3\spring-boot-starter-tomcat-3.2.3.jar;C:\Users\Khaled\.m2\repository\org\apache\tomcat\embed\tomcat-embed-core\10.1.19\tomcat-embed-core-10.1.19.jar;C:\Users\Khaled\.m2\repository\org\apache\tomcat\embed\tomcat-embed-el\10.1.19\tomcat-embed-el-10.1.19.jar;C:\Users\Khaled\.m2\repository\org\apache\tomcat\e
Launcher Type: SUN_STANDARD

[Global flags]
     intx CICompilerCount                          = 12                                        {product} {ergonomic}
     uint ConcGCThreads                            = 3                                         {product} {ergonomic}
     uint G1ConcRefinementThreads                  = 13                                        {product} {ergonomic}
   size_t G1HeapRegionSize                         = 2097152                                   {product} {ergonomic}
    uintx GCDrainStackTargetSize                   = 64                                        {product} {ergonomic}
   size_t InitialHeapSize                          = 228589568                                 {product} {ergonomic}
   size_t MarkStackSize                            = 4194304                                   {product} {ergonomic}
   size_t MaxHeapSize                              = 3634364416                                {product} {ergonomic}
   size_t MaxNewSize                               = 2178940928                                {product} {ergonomic}
   size_t MinHeapDeltaBytes                        = 2097152                                   {product} {ergonomic}
   size_t MinHeapSize                              = 8388608                                   {product} {ergonomic}
    uintx NonNMethodCodeHeapSize                   = 7602480                                {pd product} {ergonomic}
    uintx NonProfiledCodeHeapSize                  = 122027880                              {pd product} {ergonomic}
    uintx ProfiledCodeHeapSize                     = 122027880                              {pd product} {ergonomic}
    uintx ReservedCodeCacheSize                    = 251658240                              {pd product} {ergonomic}
     bool SegmentedCodeCache                       = true                                      {product} {ergonomic}
   size_t SoftMaxHeapSize                          = 3634364416                             {manageable} {ergonomic}
     bool UseCompressedClassPointers               = true                           {product lp64_product} {ergonomic}
     bool UseCompressedOops                        = true                           {product lp64_product} {ergonomic}
     bool UseG1GC                                  = true                                      {product} {ergonomic}
     bool UseLargePagesIndividualAllocation        = false                                  {pd product} {ergonomic}

Logging:
Log output configuration:
 #0: stdout all=warning uptime,level,tags
 #1: stderr all=off uptime,level,tags

Environment Variables:
JAVA_HOME=C:\Program Files\Java\jdk-17
PATH=C:\Program Files\Microsoft MPI\Bin\;C:\Users\Khaled\Downloads\WINDOWS.X64_193000_db_home\bin;C:\Users\Khaled\AppData\Local\Temp\e5718cfe-5ae4-479a-8a5e-d42cc34b6440_WINDOWS.X64_193000_db_home.zip.440\bin;C:\Users\Khaled\Desktop\Oracle\bin;C:\Users\Khaled\Desktop\bin;C:\Program Files\Common Files\Oracle\Java\javapath;C:\Windows\system32;C:\Windows;C:\Windows\System32\Wbem;C:\Windows\System32\WindowsPowerShell\v1.0\;C:\Windows\System32\OpenSSH\;C:\Program Files\dotnet\;C:\Program Files (x86)\NVIDIA Corporation\PhysX\Common;C:\Program Files\Microsoft SQL Server\150\Tools\Binn\;C:\Program Files\Git\cmd;C:\Program Files\Java\jdk-17;C:\Program Files\Erlang OTP;C:\Program Files\RabbitMQ Server\rabbitmq_server-4.0.6\sbin;C:\Users\Khaled\Downloads\apache-maven-3.9.9\bin;C:\Program Files\nodejs\;search-ms:displayname=Search%20Results%20in%20OS%20(C%3A)&crumb=location:C%3A%5C\Python313;C:\Program Files\Docker\Docker\resources\bin;C:\Program Files (x86)\Microsoft SQL Server\160\Tools\Binn\;C:\Program Files\Microsoft SQL Server\160\Tools\Binn\;C:\Program Files\Microsoft SQL Server\Client SDK\ODBC\170\Tools\Binn\;C:\Program Files\Microsoft SQL Server\160\DTS\Binn\;C:\Program Files\NVIDIA Corporation\NVIDIA App\NvDLISR;C:\Program Files (x86)\Microsoft SQL Server\170\Tools\Binn\;C:\Program Files\Microsoft SQL Server\170\Tools\Binn\;C:\Program Files\Microsoft SQL Server\Client SDK\ODBC\180\Tools\Binn\;C:\Program Files\Microsoft SQL Server\170\DTS\Binn\;C:\Program Files (x86)\Microsoft SQL Server\170\DTS\Binn\;C:\Program Files\JetBrains\IntelliJ IDEA Community Edition 2024.3.3\plugins\maven\lib\maven3\bin;C:\Users\Khaled\Downloads\apache-maven-3.9.9-bin;C:\Users\Khaled\AppData\Local\Programs\Microsoft VS Code\bin;C:\Users\Khaled\AppData\Roaming\npm
USERNAME=Khaled
OS=Windows_NT
PROCESSOR_IDENTIFIER=Intel64 Family 6 Model 165 Stepping 2, GenuineIntel



---------------  S Y S T E M  ---------------

OS:
 Windows 11 , 64 bit Build 26100 (10.0.26100.7623)
OS uptime: 2 days 3:11 hours
Hyper-V role detected

CPU: total 16 (initial active 16) (8 cores per cpu, 2 threads per core) family 6 model 165 stepping 2 microcode 0x100, cx8, cmov, fxsr, ht, mmx, 3dnowpref, sse, sse2, sse3, ssse3, sse4.1, sse4.2, popcnt, lzcnt, tsc, tscinvbit, avx, avx2, aes, erms, clmul, bmi1, bmi2, adx, fma, vzeroupper, clflush, clflushopt, hv

Memory: 4k page, system-wide physical 13861M (872M free)
TotalPageFile size 29861M (AvailPageFile size 4M)
current process WorkingSet (physical memory assigned to process): 87M, peak: 87M
current process commit charge ("private bytes"): 333M, peak: 334M

vm_info: Java HotSpot(TM) 64-Bit Server VM (17.0.12+8-LTS-286) for windows-amd64 JRE (17.0.12+8-LTS-286), built on Jun  5 2024 06:46:59 by "mach5one" with MS VC++ 17.6 (VS2022)

END.
