#
# There is insufficient memory for the Java Runtime Environment to continue.
# Native memory allocation (mmap) failed to map 228589568 bytes for G1 virtual space
# Possible reasons:
#   The system is out of physical RAM or swap space
#   The process is running with CompressedOops enabled, and the Java Heap may be blocking the growth of the native heap
# Possible solutions:
#   Reduce memory load on the system
#   Increase physical memory or swap space
#   Check if swap backing store is full
#   Decrease Java heap size (-Xmx/-Xms)
#   Decrease number of Java threads
#   Decrease Java thread stack sizes (-Xss)
#   Set larger code cache with -XX:ReservedCodeCacheSize=
#   JVM is running with Zero Based Compressed Oops mode in which the Java heap is
#     placed in the first 32GB address space. The Java Heap base address is the
#     maximum limit for the native heap growth. Please use -XX:HeapBaseMinAddress
#     to set the Java Heap base and to place the Java Heap above 32GB virtual address.
# This output file may be truncated or incomplete.
#
#  Out of Memory Error (os_windows.cpp:3548), pid=1600, tid=23020
#
# JRE version:  (17.0.12+8) (build )
# Java VM: Java HotSpot(TM) 64-Bit Server VM (17.0.12+8-LTS-286, mixed mode, sharing, tiered, compressed oops, compressed class ptrs, g1 gc, windows-amd64)
# No core dump will be written. Minidumps are not enabled by default on client versions of Windows
#

---------------  S U M M A R Y ------------

Command Line: -javaagent:C:\Program Files\JetBrains\IntelliJ IDEA Community Edition 2024.3.3\lib\idea_rt.jar=55481 -Dfile.encoding=UTF-8 com.microservice.eurka.EurkaApplication

Host: Intel(R) Core(TM) i7-10870H CPU @ 2.20GHz, 16 cores, 13G,  Windows 11 , 64 bit Build 26100 (10.0.26100.7623)
Time: Wed Jan 28 09:52:43 2026 Egypt Standard Time elapsed time: 1.201943 seconds (0d 0h 0m 1s)

---------------  T H R E A D  ---------------

Current thread (0x00000231f4a24ff0):  JavaThread "Unknown thread" [_thread_in_vm, id=23020, stack(0x0000009efbe00000,0x0000009efbf00000)]

Stack: [0x0000009efbe00000,0x0000009efbf00000]
Native frames: (J=compiled Java code, j=interpreted, Vv=VM code, C=native code)
V  [jvm.dll+0x67a04a]
V  [jvm.dll+0x7da4ed]
V  [jvm.dll+0x7dbe33]
V  [jvm.dll+0x7dc4a3]
V  [jvm.dll+0x24508f]
V  [jvm.dll+0x677089]
V  [jvm.dll+0x66bd32]
V  [jvm.dll+0x301fa6]
V  [jvm.dll+0x309546]
V  [jvm.dll+0x359d2e]
V  [jvm.dll+0x359f5f]
V  [jvm.dll+0x2d9078]
V  [jvm.dll+0x2d9fe4]
V  [jvm.dll+0x7aca21]
V  [jvm.dll+0x367591]
V  [jvm.dll+0x78b999]
V  [jvm.dll+0x3ec83f]
V  [jvm.dll+0x3ee471]
C  [jli.dll+0x5297]
C  [ucrtbase.dll+0x37b0]
C  [KERNEL32.DLL+0x2e8d7]
C  [ntdll.dll+0x8c53c]


---------------  P R O C E S S  ---------------

Threads class SMR info:
_java_thread_list=0x00007ffdd5e07a18, length=0, elements={
}

Java Threads: ( => current thread )

Other Threads:
  0x00000231f4a869e0 GCTaskThread "GC Thread#0" [stack: 0x0000009efbf00000,0x0000009efc000000] [id=468]
  0x00000231f4a96ea0 ConcurrentGCThread "G1 Main Marker" [stack: 0x0000009efc000000,0x0000009efc100000] [id=24040]
  0x00000231f4a99e20 ConcurrentGCThread "G1 Conc#0" [stack: 0x0000009efc100000,0x0000009efc200000] [id=21220]

[error occurred during error reporting (printing all threads), id 0xc0000005, EXCEPTION_ACCESS_VIOLATION (0xc0000005) at pc=0x00007ffdd5639b67]

VM state: not at safepoint (not fully initialized)

VM Mutex/Monitor currently owned by a thread:  ([mutex/lock_event])
[0x00000231f4a202b0] Heap_lock - owner thread: 0x00000231f4a24ff0

Heap address: 0x0000000727600000, size: 3466 MB, Compressed Oops mode: Zero based, Oop shift amount: 3

CDS archive(s) mapped at: [0x0000000000000000-0x0000000000000000-0x0000000000000000), size 0, SharedBaseAddress: 0x0000000800000000, ArchiveRelocationMode: 1.
Narrow klass base: 0x0000000000000000, Narrow klass shift: 0, Narrow klass range: 0x0

GC Precious Log:
<Empty>

Heap:
 garbage-first heap   total 0K, used 0K [0x0000000727600000, 0x0000000800000000)
  region size 2048K, 0 young (0K), 0 survivors (0K)

[error occurred during error reporting (printing heap information), id 0xc0000005, EXCEPTION_ACCESS_VIOLATION (0xc0000005) at pc=0x00007ffdd5a23859]

GC Heap History (0 events):
No events

Deoptimization events (0 events):
No events

Classes unloaded (0 events):
No events

Classes redefined (0 events):
No events

Internal exceptions (0 events):
No events

VM Operations (0 events):
No events

Events (1 events):
Event: 0.010 Loaded shared library C:\Program Files\Java\jdk-17\bin\java.dll


Dynamic libraries:
0x00007ff6a6ad0000 - 0x00007ff6a6ae0000 	C:\Program Files\Java\jdk-17\bin\java.exe
0x00007ffe7f220000 - 0x00007ffe7f487000 	C:\Windows\SYSTEM32\ntdll.dll
0x00007ffe7dda0000 - 0x00007ffe7de69000 	C:\Windows\System32\KERNEL32.DLL
0x00007ffe7c610000 - 0x00007ffe7c9ff000 	C:\Windows\System32\KERNELBASE.dll
0x00007ffe7cb90000 - 0x00007ffe7ccdb000 	C:\Windows\System32\ucrtbase.dll
0x00007ffe64250000 - 0x00007ffe64269000 	C:\Program Files\Java\jdk-17\bin\jli.dll
0x00007ffe54d50000 - 0x00007ffe54d6b000 	C:\Program Files\Java\jdk-17\bin\VCRUNTIME140.dll
0x00007ffe7d220000 - 0x00007ffe7d2d4000 	C:\Windows\System32\ADVAPI32.dll
0x00007ffe7d2e0000 - 0x00007ffe7d389000 	C:\Windows\System32\msvcrt.dll
0x00007ffe7ec20000 - 0x00007ffe7ecc6000 	C:\Windows\System32\sechost.dll
0x00007ffe7f090000 - 0x00007ffe7f1a8000 	C:\Windows\System32\RPCRT4.dll
0x00007ffe7cfc0000 - 0x00007ffe7d185000 	C:\Windows\System32\USER32.dll
0x00007ffe628b0000 - 0x00007ffe62b43000 	C:\Windows\WinSxS\amd64_microsoft.windows.common-controls_6595b64144ccf1df_6.0.26100.7309_none_3e05feeae336a044\COMCTL32.dll
0x00007ffe7c370000 - 0x00007ffe7c397000 	C:\Windows\System32\win32u.dll
0x00007ffe7d390000 - 0x00007ffe7d3bb000 	C:\Windows\System32\GDI32.dll
0x00007ffe7c3a0000 - 0x00007ffe7c4cc000 	C:\Windows\System32\gdi32full.dll
0x00007ffe7cda0000 - 0x00007ffe7ce43000 	C:\Windows\System32\msvcp_win.dll
0x00007ffe74490000 - 0x00007ffe7449b000 	C:\Windows\SYSTEM32\VERSION.dll
0x00007ffe7dd60000 - 0x00007ffe7dd91000 	C:\Windows\System32\IMM32.DLL
0x00007ffe76c20000 - 0x00007ffe76c2c000 	C:\Program Files\Java\jdk-17\bin\vcruntime140_1.dll
0x00007ffe31730000 - 0x00007ffe317be000 	C:\Program Files\Java\jdk-17\bin\msvcp140.dll
0x00007ffdd5350000 - 0x00007ffdd5f30000 	C:\Program Files\Java\jdk-17\bin\server\jvm.dll
0x00007ffe7dcd0000 - 0x00007ffe7dcd8000 	C:\Windows\System32\PSAPI.DLL
0x00007ffe6def0000 - 0x00007ffe6df25000 	C:\Windows\SYSTEM32\WINMM.dll
0x00007ffe5ccf0000 - 0x00007ffe5ccfa000 	C:\Windows\SYSTEM32\WSOCK32.dll
0x00007ffe7eb40000 - 0x00007ffe7ebb4000 	C:\Windows\System32\WS2_32.dll
0x00007ffe7b190000 - 0x00007ffe7b1ab000 	C:\Windows\SYSTEM32\kernel.appcore.dll
0x00007ffe66fa0000 - 0x00007ffe66faa000 	C:\Program Files\Java\jdk-17\bin\jimage.dll
0x00007ffe79a30000 - 0x00007ffe79c72000 	C:\Windows\SYSTEM32\DBGHELP.DLL
0x00007ffe7d940000 - 0x00007ffe7dcc6000 	C:\Windows\System32\combase.dll
0x00007ffe7ea60000 - 0x00007ffe7eb36000 	C:\Windows\System32\OLEAUT32.dll
0x00007ffe625b0000 - 0x00007ffe625ec000 	C:\Windows\SYSTEM32\dbgcore.DLL
0x00007ffe7c560000 - 0x00007ffe7c605000 	C:\Windows\System32\bcryptPrimitives.dll
0x00007ffe54d40000 - 0x00007ffe54d4e000 	C:\Program Files\Java\jdk-17\bin\instrument.dll
0x00007ffe53970000 - 0x00007ffe53995000 	C:\Program Files\Java\jdk-17\bin\java.dll

dbghelp: loaded successfully - version: 4.0.5 - missing functions: none
symbol engine: initialized successfully - sym options: 0x614 - pdb path: .;C:\Program Files\Java\jdk-17\bin;C:\Windows\SYSTEM32;C:\Windows\WinSxS\amd64_microsoft.windows.common-controls_6595b64144ccf1df_6.0.26100.7309_none_3e05feeae336a044;C:\Program Files\Java\jdk-17\bin\server

VM Arguments:
jvm_args: -javaagent:C:\Program Files\JetBrains\IntelliJ IDEA Community Edition 2024.3.3\lib\idea_rt.jar=55481 -Dfile.encoding=UTF-8 
java_command: com.microservice.eurka.EurkaApplication
java_class_path (initial): D:\ABU GAZALA MICROSERVICE\eurka\target\classes;C:\Users\Khaled\.m2\repository\org\springframework\boot\spring-boot-starter-web\3.2.3\spring-boot-starter-web-3.2.3.jar;C:\Users\Khaled\.m2\repository\org\springframework\boot\spring-boot-starter\3.2.5\spring-boot-starter-3.2.5.jar;C:\Users\Khaled\.m2\repository\org\springframework\boot\spring-boot\3.2.5\spring-boot-3.2.5.jar;C:\Users\Khaled\.m2\repository\org\springframework\boot\spring-boot-autoconfigure\3.2.5\spring-boot-autoconfigure-3.2.5.jar;C:\Users\Khaled\.m2\repository\org\springframework\boot\spring-boot-starter-logging\3.2.5\spring-boot-starter-logging-3.2.5.jar;C:\Users\Khaled\.m2\repository\ch\qos\logback\logback-classic\1.4.14\logback-classic-1.4.14.jar;C:\Users\Khaled\.m2\repository\ch\qos\logback\logback-core\1.4.14\logback-core-1.4.14.jar;C:\Users\Khaled\.m2\repository\org\apache\logging\log4j\log4j-to-slf4j\2.21.1\log4j-to-slf4j-2.21.1.jar;C:\Users\Khaled\.m2\repository\org\apache\logging\log4j\log4j-api\2.21.1\log4j-api-2.21.1.jar;C:\Users\Khaled\.m2\repository\org\slf4j\jul-to-slf4j\2.0.13\jul-to-slf4j-2.0.13.jar;C:\Users\Khaled\.m2\repository\jakarta\annotation\jakarta.annotation-api\2.1.1\jakarta.annotation-api-2.1.1.jar;C:\Users\Khaled\.m2\repository\org\yaml\snakeyaml\2.2\snakeyaml-2.2.jar;C:\Users\Khaled\.m2\repository\org\springframework\boot\spring-boot-starter-json\3.2.5\spring-boot-starter-json-3.2.5.jar;C:\Users\Khaled\.m2\repository\com\fasterxml\jackson\datatype\jackson-datatype-jdk8\2.15.4\jackson-datatype-jdk8-2.15.4.jar;C:\Users\Khaled\.m2\repository\com\fasterxml\jackson\datatype\jackson-datatype-jsr310\2.15.4\jackson-datatype-jsr310-2.15.4.jar;C:\Users\Khaled\.m2\repository\com\fasterxml\jackson\module\jackson-module-parameter-names\2.15.4\jackson-module-parameter-names-2.15.4.jar;C:\Users\Khaled\.m2\repository\org\springframework\boot\spring-boot-starter-tomcat\3.2.5\spring-boot-starter-tomcat-3.2.5.jar;C:\Users\Khaled\.m2\repository\org\apache\tomcat\e
Launcher Type: SUN_STANDARD

[Global flags]
     intx CICompilerCount                          = 12                                        {product} {ergonomic}
     uint ConcGCThreads                            = 3                                         {product} {ergonomic}
     uint G1ConcRefinementThreads                  = 13                                        {product} {ergonomic}
   size_t G1HeapRegionSize                         = 2097152                                   {product} {ergonomic}
    uintx GCDrainStackTargetSize                   = 64                                        {product} {ergonomic}
   size_t InitialHeapSize                          = 228589568                                 {product} {ergonomic}
   size_t MarkStackSize                            = 4194304                                   {product} {ergonomic}
   size_t MaxHeapSize                              = 3634364416                                {product} {ergonomic}
   size_t MinHeapDeltaBytes                        = 2097152                                   {product} {ergonomic}
   size_t MinHeapSize                              = 8388608                                   {product} {ergonomic}
    uintx NonNMethodCodeHeapSize                   = 7602480                                {pd product} {ergonomic}
    uintx NonProfiledCodeHeapSize                  = 122027880                              {pd product} {ergonomic}
    uintx ProfiledCodeHeapSize                     = 122027880                              {pd product} {ergonomic}
    uintx ReservedCodeCacheSize                    = 251658240                              {pd product} {ergonomic}
     bool SegmentedCodeCache                       = true                                      {product} {ergonomic}
   size_t SoftMaxHeapSize                          = 3634364416                             {manageable} {ergonomic}
     bool UseCompressedClassPointers               = true                           {product lp64_product} {ergonomic}
     bool UseCompressedOops                        = true                           {product lp64_product} {ergonomic}
     bool UseG1GC                                  = true                                      {product} {ergonomic}
     bool UseLargePagesIndividualAllocation        = false                                  {pd product} {ergonomic}

Logging:
Log output configuration:
 #0: stdout all=warning uptime,level,tags
 #1: stderr all=off uptime,level,tags

Environment Variables:
JAVA_HOME=C:\Program Files\Java\jdk-17
PATH=C:\Program Files\Microsoft MPI\Bin\;C:\Users\Khaled\Downloads\WINDOWS.X64_193000_db_home\bin;C:\Users\Khaled\AppData\Local\Temp\e5718cfe-5ae4-479a-8a5e-d42cc34b6440_WINDOWS.X64_193000_db_home.zip.440\bin;C:\Users\Khaled\Desktop\Oracle\bin;C:\Users\Khaled\Desktop\bin;C:\Program Files\Common Files\Oracle\Java\javapath;C:\Windows\system32;C:\Windows;C:\Windows\System32\Wbem;C:\Windows\System32\WindowsPowerShell\v1.0\;C:\Windows\System32\OpenSSH\;C:\Program Files\dotnet\;C:\Program Files (x86)\NVIDIA Corporation\PhysX\Common;C:\Program Files\Microsoft SQL Server\150\Tools\Binn\;C:\Program Files\Git\cmd;C:\Program Files\Java\jdk-17;C:\Program Files\Erlang OTP;C:\Program Files\RabbitMQ Server\rabbitmq_server-4.0.6\sbin;C:\Users\Khaled\Downloads\apache-maven-3.9.9\bin;C:\Program Files\nodejs\;search-ms:displayname=Search%20Results%20in%20OS%20(C%3A)&crumb=location:C%3A%5C\Python313;C:\Program Files\Docker\Docker\resources\bin;C:\Program Files (x86)\Microsoft SQL Server\160\Tools\Binn\;C:\Program Files\Microsoft SQL Server\160\Tools\Binn\;C:\Program Files\Microsoft SQL Server\Client SDK\ODBC\170\Tools\Binn\;C:\Program Files\Microsoft SQL Server\160\DTS\Binn\;C:\Program Files\NVIDIA Corporation\NVIDIA App\NvDLISR;C:\Program Files (x86)\Microsoft SQL Server\170\Tools\Binn\;C:\Program Files\Microsoft SQL Server\170\Tools\Binn\;C:\Program Files\Microsoft SQL Server\Client SDK\ODBC\180\Tools\Binn\;C:\Program Files\Microsoft SQL Server\170\DTS\Binn\;C:\Program Files (x86)\Microsoft SQL Server\170\DTS\Binn\;C:\Program Files\JetBrains\IntelliJ IDEA Community Edition 2024.3.3\plugins\maven\lib\maven3\bin;C:\Users\Khaled\Downloads\apache-maven-3.9.9-bin;C:\Users\Khaled\AppData\Local\Programs\Microsoft VS Code\bin;C:\Users\Khaled\AppData\Roaming\npm
USERNAME=Khaled
OS=Windows_NT
PROCESSOR_IDENTIFIER=Intel64 Family 6 Model 165 Stepping 2, GenuineIntel



---------------  S Y S T E M  ---------------

OS:
 Windows 11 , 64 bit Build 26100 (10.0.26100.7623)
OS uptime: 2 days 1:48 hours
Hyper-V role detected

CPU: total 16 (initial active 16) (8 cores per cpu, 2 threads per core) family 6 model 165 stepping 2 microcode 0x100, cx8, cmov, fxsr, ht, mmx, 3dnowpref, sse, sse2, sse3, ssse3, sse4.1, sse4.2, popcnt, lzcnt, tsc, tscinvbit, avx, avx2, aes, erms, clmul, bmi1, bmi2, adx, fma, vzeroupper, clflush, clflushopt, hv

Memory: 4k page, system-wide physical 13861M (1136M free)
TotalPageFile size 29861M (AvailPageFile size 29M)
current process WorkingSet (physical memory assigned to process): 12M, peak: 12M
current process commit charge ("private bytes"): 70M, peak: 288M

vm_info: Java HotSpot(TM) 64-Bit Server VM (17.0.12+8-LTS-286) for windows-amd64 JRE (17.0.12+8-LTS-286), built on Jun  5 2024 06:46:59 by "mach5one" with MS VC++ 17.6 (VS2022)

END.
